<?xml version="1.0" encoding="UTF-8" ?>
<testsuite tests="23" failures="0" name="com.cucumber.runner.ExtentReportCartTest" time="150.725" errors="0" skipped="0">
  <properties>
    <property name="java.runtime.name" value="Java(TM) SE Runtime Environment"/>
    <property name="sun.boot.library.path" value="c:\Program Files\Java\jdk1.8.0_101\jre\bin"/>
    <property name="java.vm.version" value="25.101-b13"/>
    <property name="java.vm.vendor" value="Oracle Corporation"/>
    <property name="java.vendor.url" value="http://java.oracle.com/"/>
    <property name="path.separator" value=";"/>
    <property name="guice.disable.misplaced.annotation.check" value="true"/>
    <property name="java.vm.name" value="Java HotSpot(TM) 64-Bit Server VM"/>
    <property name="file.encoding.pkg" value="sun.io"/>
    <property name="user.script" value=""/>
    <property name="user.country" value="US"/>
    <property name="sun.java.launcher" value="SUN_STANDARD"/>
    <property name="sun.os.patch.level" value=""/>
    <property name="test" value="ExtentReportCartTest"/>
    <property name="java.vm.specification.name" value="Java Virtual Machine Specification"/>
    <property name="user.dir" value="d:\workspaceDemo\MatchesfashionCucumberDemo"/>
    <property name="java.runtime.version" value="1.8.0_101-b13"/>
    <property name="java.awt.graphicsenv" value="sun.awt.Win32GraphicsEnvironment"/>
    <property name="java.endorsed.dirs" value="c:\Program Files\Java\jdk1.8.0_101\jre\lib\endorsed"/>
    <property name="os.arch" value="amd64"/>
    <property name="java.io.tmpdir" value="C:\Users\gabikis\AppData\Local\Temp\"/>
    <property name="line.separator" value="
"/>
    <property name="java.vm.specification.vendor" value="Oracle Corporation"/>
    <property name="user.variant" value=""/>
    <property name="os.name" value="Windows 10"/>
    <property name="classworlds.conf" value="c:\maven\bin\m2.conf"/>
    <property name="sun.jnu.encoding" value="Cp1252"/>
    <property name="java.library.path" value="c:\Program Files\Java\jdk1.8.0_101\bin;C:\WINDOWS\Sun\Java\bin;C:\WINDOWS\system32;C:\WINDOWS;C:\ProgramData\Oracle\Java\javapath;C:\Program Files\Common Files\Microsoft Shared\Windows Live;C:\Program Files (x86)\Common Files\Microsoft Shared\Windows Live;C:\Program Files\Common Files\Microsoft Shared\Microsoft Online Services;C:\Program Files (x86)\Common Files\Microsoft Shared\Microsoft Online Services;C:\Program Files (x86)\AMD APP\bin\x86_64;C:\Program Files (x86)\AMD APP\bin\x86;c:\Program Files (x86)\Intel\iCLS Client\;c:\Program Files\Intel\iCLS Client\;C:\WINDOWS\system32;C:\WINDOWS;C:\WINDOWS\System32\Wbem;C:\WINDOWS\System32\WindowsPowerShell\v1.0\;C:\Program Files (x86)\Intel\OpenCL SDK\2.0\bin\x86;C:\Program Files (x86)\Intel\OpenCL SDK\2.0\bin\x64;C:\Program Files (x86)\ATI Technologies\ATI.ACE\Core-Static;C:\Program Files\Intel\Intel(R) Management Engine Components\DAL;C:\Program Files\Intel\Intel(R) Management Engine Components\IPT;C:\Program Files (x86)\Intel\Intel(R) Management Engine Components\DAL;C:\Program Files (x86)\Intel\Intel(R) Management Engine Components\IPT;c:\Program Files\Java\jdk1.8.0_101\bin;c:\maven\bin;C:\adt\sdk\platform-tools;C:\adt\sdk\tools;C:\Python27;C:\Python27\Scripts;C:\Program Files (x86)\QuickTime\QTSystem\;C:\Program Files\Microsoft Network Monitor 3\;d:\apache-jmeter-2.10\bin\;C:\Program Files\OpenVPN\bin;C:\Program Files (x86)\Windows Live\Shared;C:\Program Files (x86)\WinMerge;C:\Program Files (x86)\Skype\Phone\;C:\Program Files (x86)\Nmap;."/>
    <property name="java.specification.name" value="Java Platform API Specification"/>
    <property name="java.class.version" value="52.0"/>
    <property name="sun.management.compiler" value="HotSpot 64-Bit Tiered Compilers"/>
    <property name="os.version" value="10.0"/>
    <property name="user.home" value="C:\Users\gabikis"/>
    <property name="user.timezone" value="Europe/Athens"/>
    <property name="java.awt.printerjob" value="sun.awt.windows.WPrinterJob"/>
    <property name="java.specification.version" value="1.8"/>
    <property name="file.encoding" value="Cp1252"/>
    <property name="user.name" value="gabikis"/>
    <property name="java.class.path" value="c:\maven\boot\plexus-classworlds-2.4.jar"/>
    <property name="java.vm.specification.version" value="1.8"/>
    <property name="sun.arch.data.model" value="64"/>
    <property name="java.home" value="c:\Program Files\Java\jdk1.8.0_101\jre"/>
    <property name="sun.java.command" value="org.codehaus.plexus.classworlds.launcher.Launcher test -Dtest=ExtentReportCartTest"/>
    <property name="java.specification.vendor" value="Oracle Corporation"/>
    <property name="user.language" value="en"/>
    <property name="awt.toolkit" value="sun.awt.windows.WToolkit"/>
    <property name="java.vm.info" value="mixed mode"/>
    <property name="java.version" value="1.8.0_101"/>
    <property name="java.ext.dirs" value="c:\Program Files\Java\jdk1.8.0_101\jre\lib\ext;C:\WINDOWS\Sun\Java\lib\ext"/>
    <property name="sun.boot.class.path" value="c:\Program Files\Java\jdk1.8.0_101\jre\lib\resources.jar;c:\Program Files\Java\jdk1.8.0_101\jre\lib\rt.jar;c:\Program Files\Java\jdk1.8.0_101\jre\lib\sunrsasign.jar;c:\Program Files\Java\jdk1.8.0_101\jre\lib\jsse.jar;c:\Program Files\Java\jdk1.8.0_101\jre\lib\jce.jar;c:\Program Files\Java\jdk1.8.0_101\jre\lib\charsets.jar;c:\Program Files\Java\jdk1.8.0_101\jre\lib\jfr.jar;c:\Program Files\Java\jdk1.8.0_101\jre\classes"/>
    <property name="sun.stderr.encoding" value="cp437"/>
    <property name="java.vendor" value="Oracle Corporation"/>
    <property name="maven.home" value="c:\maven"/>
    <property name="file.separator" value="\"/>
    <property name="java.vendor.url.bug" value="http://bugreport.sun.com/bugreport/"/>
    <property name="sun.cpu.endian" value="little"/>
    <property name="sun.io.unicode.encoding" value="UnicodeLittle"/>
    <property name="sun.stdout.encoding" value="cp437"/>
    <property name="sun.desktop" value="windows"/>
    <property name="sun.cpu.isalist" value="amd64"/>
  </properties>
  <testcase classname="Scenario: User adds products in cart and goes to checkout" name="Given the user is in home page" time="0.001"/>
  <testcase classname="Scenario: User adds products in cart and goes to checkout" name="And searches for \&apos;shirt\&apos; in \&apos;women\&apos; section" time="0"/>
  <testcase classname="Scenario: User adds products in cart and goes to checkout" name="And selects the product \&apos;shirt\&apos;" time="0"/>
  <testcase classname="Scenario: User adds products in cart and goes to checkout" name="And adds to cart \&apos;2\&apos; products of size \&apos;10 UK\&apos;" time="0"/>
  <testcase classname="Scenario: User adds products in cart and goes to checkout" name="And searches for \&apos;scarf\&apos; in \&apos;women\&apos; section" time="0"/>
  <testcase classname="Scenario: User adds products in cart and goes to checkout" name="And selects the product \&apos;scarf\&apos;" time="0"/>
  <testcase classname="Scenario: User adds products in cart and goes to checkout" name="And adds to cart \&apos;2\&apos; products of size \&apos;ONE SIZE\&apos;" time="0"/>
  <testcase classname="Scenario: User adds products in cart and goes to checkout" name="When the user goes to cart" time="0"/>
  <testcase classname="Scenario: User adds products in cart and goes to checkout" name="Then the products should be correctly displayed" time="0"/>
  <testcase classname="Scenario: User adds products in cart and goes to checkout" name="And the totals should be correctly calculated" time="0"/>
  <testcase classname="Scenario: User adds products in cart and goes to checkout" name="Scenario: User adds products in cart and goes to checkout" time="1.553"/>
  <testcase classname="Scenario: Searching for a designer" name="Given the user is in home page" time="0"/>
  <testcase classname="Scenario: Searching for a designer" name="When searches for \&apos;GUCCI\&apos; in \&apos;women\&apos; section" time="0"/>
  <testcase classname="Scenario: Searching for a designer" name="Then all the products displayed should be from \&apos;GUCCI\&apos;" time="0"/>
  <testcase classname="Scenario: Searching for a designer" name="Scenario: Searching for a designer" time="0.559"/>
  <testcase classname="| 1059773 |" name="Given the user is in home page" time="0"/>
  <testcase classname="| 1059773 |" name="When searches for \&apos;1059773\&apos; in \&apos;women\&apos; section" time="0"/>
  <testcase classname="| 1059773 |" name="Then the displayed product code should be \&apos;1059773\&apos;" time="0"/>
  <testcase classname="| 1059773 |" name="| 1059773 |" time="0.587"/>
  <testcase classname="| 1048129 |" name="Given the user is in home page" time="0"/>
  <testcase classname="| 1048129 |" name="When searches for \&apos;1048129\&apos; in \&apos;women\&apos; section" time="0"/>
  <testcase classname="| 1048129 |" name="Then the displayed product code should be \&apos;1048129\&apos;" time="0"/>
  <testcase classname="| 1048129 |" name="| 1048129 |" time="0.581"/>
</testsuite>